[2021-08-17 23:29:08.878] [I] [F:\git\typhoon_zero\tpn\tools\xlsx2data\tpn_xlsx\generator\generator_hub.cpp:89 tpn::xlsx::GeneratorHub::Generate] xlsx generator start generate
[2021-08-17 23:29:08.878] [I] [F:\git\typhoon_zero\tpn\tools\xlsx2data\tpn_xlsx\generator\generator_hub.cpp:92 tpn::xlsx::GeneratorHub::Generate] xlsx generator start generate path: xlsx2data/data/item.xlsx
[2021-08-17 23:29:08.878] [I] [F:\git\typhoon_zero\tpn\tools\xlsx2data\tpn_xlsx\generator\generator_hub.cpp:112 tpn::xlsx::GeneratorHub::Generate] xlsx generator start generate anlayst path: xlsx2data/data/item.xlsx, sheet: @Item
[2021-08-17 23:29:08.878] [I] [F:\git\typhoon_zero\tpn\tools\xlsx2data\tpn_xlsx\utility\analyst.cpp:551 tpn::xlsx::Analyst::Analyze] analyst start analyze worksheet : @Item
[2021-08-17 23:29:08.878] [I] [F:\git\typhoon_zero\tpn\tools\xlsx2data\tpn_xlsx\utility\analyst.cpp:568 tpn::xlsx::Analyst::Analyze] analyst finish analyze worksheet : @Item
[2021-08-17 23:29:08.878] [I] [F:\git\typhoon_zero\tpn\tools\xlsx2data\tpn_xlsx\generator\generator_hub.cpp:120 tpn::xlsx::GeneratorHub::Generate] xlsx generator finish generate anlayst path: xlsx2data/data/item.xlsx, sheet: @Item
[2021-08-17 23:29:08.878] [I] [F:\git\typhoon_zero\tpn\tools\xlsx2data\tpn_xlsx\generator\generator_hub.cpp:123 tpn::xlsx::GeneratorHub::Generate] xlsx generator start generate json path: xlsx2data/data/item.xlsx, sheet: @Item
[2021-08-17 23:29:08.878] [I] [F:\git\typhoon_zero\tpn\tools\xlsx2data\tpn_xlsx\generator\json_generator.cpp:78 tpn::xlsx::JsonGenerator::Analyze] json generator start analyze worksheet : @Item
[2021-08-17 23:29:08.878] [I] [F:\git\typhoon_zero\tpn\tools\xlsx2data\tpn_xlsx\generator\json_generator.cpp:142 tpn::xlsx::JsonGenerator::Analyze] json generator finish analyze worksheet : @Item
[2021-08-17 23:29:08.878] [I] [F:\git\typhoon_zero\tpn\tools\xlsx2data\tpn_xlsx\generator\generator_hub.cpp:131 tpn::xlsx::GeneratorHub::Generate] xlsx generator finish generate json path: xlsx2data/data/item.xlsx, sheet: @Item
[2021-08-17 23:29:08.878] [I] [F:\git\typhoon_zero\tpn\tools\xlsx2data\tpn_xlsx\generator\generator_hub.cpp:134 tpn::xlsx::GeneratorHub::Generate] xlsx generator start generate proto path: xlsx2data/data/item.xlsx, sheet: @Item
[2021-08-17 23:29:08.878] [I] [F:\git\typhoon_zero\tpn\tools\xlsx2data\tpn_xlsx\generator\proto_generator.cpp:76 tpn::xlsx::ProtoGenerator::Analyze] proto generator start analyze worksheet : @Item
[2021-08-17 23:29:08.878] [I] [F:\git\typhoon_zero\tpn\tools\xlsx2data\tpn_xlsx\generator\proto_generator.cpp:117 tpn::xlsx::ProtoGenerator::Analyze] proto generator finish analyze worksheet : @Item
[2021-08-17 23:29:08.878] [I] [F:\git\typhoon_zero\tpn\tools\xlsx2data\tpn_xlsx\generator\generator_hub.cpp:142 tpn::xlsx::GeneratorHub::Generate] xlsx generator finish generate proto path: xlsx2data/data/item.xlsx, sheet: @Item
[2021-08-17 23:29:08.878] [I] [F:\git\typhoon_zero\tpn\tools\xlsx2data\tpn_xlsx\generator\generator_hub.cpp:145 tpn::xlsx::GeneratorHub::Generate] xlsx generator start generate cpp path: xlsx2data/data/item.xlsx, sheet: @Item
[2021-08-17 23:29:08.878] [I] [F:\git\typhoon_zero\tpn\tools\xlsx2data\tpn_xlsx\generator\cpp_generator.cpp:89 tpn::xlsx::CppGenerator::Analyze] cpp generator start analyze worksheet : @Item
[2021-08-17 23:29:08.878] [I] [F:\git\typhoon_zero\tpn\tools\xlsx2data\tpn_xlsx\generator\cpp_generator.cpp:131 tpn::xlsx::CppGenerator::Analyze] cpp generator start analyze worksheet : @Item
[2021-08-17 23:29:08.878] [I] [F:\git\typhoon_zero\tpn\tools\xlsx2data\tpn_xlsx\generator\generator_hub.cpp:153 tpn::xlsx::GeneratorHub::Generate] xlsx generator finish generate cpp path: xlsx2data/data/item.xlsx, sheet: @Item
[2021-08-17 23:29:08.878] [I] [F:\git\typhoon_zero\tpn\tools\xlsx2data\tpn_xlsx\generator\generator_hub.cpp:156 tpn::xlsx::GeneratorHub::Generate] xlsx generator finish generate path: xlsx2data/data/item.xlsx
[2021-08-17 23:29:08.878] [I] [F:\git\typhoon_zero\tpn\tools\xlsx2data\tpn_xlsx\generator\generator_hub.cpp:92 tpn::xlsx::GeneratorHub::Generate] xlsx generator start generate path: xlsx2data/data/level.xlsx
[2021-08-17 23:29:08.878] [I] [F:\git\typhoon_zero\tpn\tools\xlsx2data\tpn_xlsx\generator\generator_hub.cpp:112 tpn::xlsx::GeneratorHub::Generate] xlsx generator start generate anlayst path: xlsx2data/data/level.xlsx, sheet: @Level
[2021-08-17 23:29:08.878] [I] [F:\git\typhoon_zero\tpn\tools\xlsx2data\tpn_xlsx\utility\analyst.cpp:551 tpn::xlsx::Analyst::Analyze] analyst start analyze worksheet : @Level
[2021-08-17 23:29:08.878] [I] [F:\git\typhoon_zero\tpn\tools\xlsx2data\tpn_xlsx\utility\analyst.cpp:568 tpn::xlsx::Analyst::Analyze] analyst finish analyze worksheet : @Level
[2021-08-17 23:29:08.878] [I] [F:\git\typhoon_zero\tpn\tools\xlsx2data\tpn_xlsx\generator\generator_hub.cpp:120 tpn::xlsx::GeneratorHub::Generate] xlsx generator finish generate anlayst path: xlsx2data/data/level.xlsx, sheet: @Level
[2021-08-17 23:29:08.878] [I] [F:\git\typhoon_zero\tpn\tools\xlsx2data\tpn_xlsx\generator\generator_hub.cpp:123 tpn::xlsx::GeneratorHub::Generate] xlsx generator start generate json path: xlsx2data/data/level.xlsx, sheet: @Level
[2021-08-17 23:29:08.878] [I] [F:\git\typhoon_zero\tpn\tools\xlsx2data\tpn_xlsx\generator\json_generator.cpp:78 tpn::xlsx::JsonGenerator::Analyze] json generator start analyze worksheet : @Level
[2021-08-17 23:29:08.878] [I] [F:\git\typhoon_zero\tpn\tools\xlsx2data\tpn_xlsx\generator\json_generator.cpp:142 tpn::xlsx::JsonGenerator::Analyze] json generator finish analyze worksheet : @Level
[2021-08-17 23:29:08.878] [I] [F:\git\typhoon_zero\tpn\tools\xlsx2data\tpn_xlsx\generator\generator_hub.cpp:131 tpn::xlsx::GeneratorHub::Generate] xlsx generator finish generate json path: xlsx2data/data/level.xlsx, sheet: @Level
[2021-08-17 23:29:08.878] [I] [F:\git\typhoon_zero\tpn\tools\xlsx2data\tpn_xlsx\generator\generator_hub.cpp:134 tpn::xlsx::GeneratorHub::Generate] xlsx generator start generate proto path: xlsx2data/data/level.xlsx, sheet: @Level
[2021-08-17 23:29:08.878] [I] [F:\git\typhoon_zero\tpn\tools\xlsx2data\tpn_xlsx\generator\proto_generator.cpp:76 tpn::xlsx::ProtoGenerator::Analyze] proto generator start analyze worksheet : @Level
[2021-08-17 23:29:08.878] [I] [F:\git\typhoon_zero\tpn\tools\xlsx2data\tpn_xlsx\generator\proto_generator.cpp:117 tpn::xlsx::ProtoGenerator::Analyze] proto generator finish analyze worksheet : @Level
[2021-08-17 23:29:08.878] [I] [F:\git\typhoon_zero\tpn\tools\xlsx2data\tpn_xlsx\generator\generator_hub.cpp:142 tpn::xlsx::GeneratorHub::Generate] xlsx generator finish generate proto path: xlsx2data/data/level.xlsx, sheet: @Level
[2021-08-17 23:29:08.878] [I] [F:\git\typhoon_zero\tpn\tools\xlsx2data\tpn_xlsx\generator\generator_hub.cpp:145 tpn::xlsx::GeneratorHub::Generate] xlsx generator start generate cpp path: xlsx2data/data/level.xlsx, sheet: @Level
[2021-08-17 23:29:08.878] [I] [F:\git\typhoon_zero\tpn\tools\xlsx2data\tpn_xlsx\generator\cpp_generator.cpp:89 tpn::xlsx::CppGenerator::Analyze] cpp generator start analyze worksheet : @Level
[2021-08-17 23:29:08.878] [I] [F:\git\typhoon_zero\tpn\tools\xlsx2data\tpn_xlsx\generator\cpp_generator.cpp:131 tpn::xlsx::CppGenerator::Analyze] cpp generator start analyze worksheet : @Level
[2021-08-17 23:29:08.878] [I] [F:\git\typhoon_zero\tpn\tools\xlsx2data\tpn_xlsx\generator\generator_hub.cpp:153 tpn::xlsx::GeneratorHub::Generate] xlsx generator finish generate cpp path: xlsx2data/data/level.xlsx, sheet: @Level
[2021-08-17 23:29:08.878] [I] [F:\git\typhoon_zero\tpn\tools\xlsx2data\tpn_xlsx\generator\generator_hub.cpp:156 tpn::xlsx::GeneratorHub::Generate] xlsx generator finish generate path: xlsx2data/data/level.xlsx
[2021-08-17 23:29:08.878] [I] [F:\git\typhoon_zero\tpn\tools\xlsx2data\tpn_xlsx\generator\generator_hub.cpp:92 tpn::xlsx::GeneratorHub::Generate] xlsx generator start generate path: xlsx2data/data/pack.xlsx
[2021-08-17 23:29:08.878] [I] [F:\git\typhoon_zero\tpn\tools\xlsx2data\tpn_xlsx\generator\generator_hub.cpp:112 tpn::xlsx::GeneratorHub::Generate] xlsx generator start generate anlayst path: xlsx2data/data/pack.xlsx, sheet: @Pack
[2021-08-17 23:29:08.878] [I] [F:\git\typhoon_zero\tpn\tools\xlsx2data\tpn_xlsx\utility\analyst.cpp:551 tpn::xlsx::Analyst::Analyze] analyst start analyze worksheet : @Pack
[2021-08-17 23:29:08.878] [I] [F:\git\typhoon_zero\tpn\tools\xlsx2data\tpn_xlsx\utility\analyst.cpp:568 tpn::xlsx::Analyst::Analyze] analyst finish analyze worksheet : @Pack
[2021-08-17 23:29:08.878] [I] [F:\git\typhoon_zero\tpn\tools\xlsx2data\tpn_xlsx\generator\generator_hub.cpp:120 tpn::xlsx::GeneratorHub::Generate] xlsx generator finish generate anlayst path: xlsx2data/data/pack.xlsx, sheet: @Pack
[2021-08-17 23:29:08.878] [I] [F:\git\typhoon_zero\tpn\tools\xlsx2data\tpn_xlsx\generator\generator_hub.cpp:123 tpn::xlsx::GeneratorHub::Generate] xlsx generator start generate json path: xlsx2data/data/pack.xlsx, sheet: @Pack
[2021-08-17 23:29:08.878] [I] [F:\git\typhoon_zero\tpn\tools\xlsx2data\tpn_xlsx\generator\json_generator.cpp:78 tpn::xlsx::JsonGenerator::Analyze] json generator start analyze worksheet : @Pack
[2021-08-17 23:29:08.878] [I] [F:\git\typhoon_zero\tpn\tools\xlsx2data\tpn_xlsx\generator\json_generator.cpp:142 tpn::xlsx::JsonGenerator::Analyze] json generator finish analyze worksheet : @Pack
[2021-08-17 23:29:08.878] [I] [F:\git\typhoon_zero\tpn\tools\xlsx2data\tpn_xlsx\generator\generator_hub.cpp:131 tpn::xlsx::GeneratorHub::Generate] xlsx generator finish generate json path: xlsx2data/data/pack.xlsx, sheet: @Pack
[2021-08-17 23:29:08.878] [I] [F:\git\typhoon_zero\tpn\tools\xlsx2data\tpn_xlsx\generator\generator_hub.cpp:134 tpn::xlsx::GeneratorHub::Generate] xlsx generator start generate proto path: xlsx2data/data/pack.xlsx, sheet: @Pack
[2021-08-17 23:29:08.878] [I] [F:\git\typhoon_zero\tpn\tools\xlsx2data\tpn_xlsx\generator\proto_generator.cpp:76 tpn::xlsx::ProtoGenerator::Analyze] proto generator start analyze worksheet : @Pack
[2021-08-17 23:29:08.878] [I] [F:\git\typhoon_zero\tpn\tools\xlsx2data\tpn_xlsx\generator\proto_generator.cpp:117 tpn::xlsx::ProtoGenerator::Analyze] proto generator finish analyze worksheet : @Pack
[2021-08-17 23:29:08.878] [I] [F:\git\typhoon_zero\tpn\tools\xlsx2data\tpn_xlsx\generator\generator_hub.cpp:142 tpn::xlsx::GeneratorHub::Generate] xlsx generator finish generate proto path: xlsx2data/data/pack.xlsx, sheet: @Pack
[2021-08-17 23:29:08.878] [I] [F:\git\typhoon_zero\tpn\tools\xlsx2data\tpn_xlsx\generator\generator_hub.cpp:145 tpn::xlsx::GeneratorHub::Generate] xlsx generator start generate cpp path: xlsx2data/data/pack.xlsx, sheet: @Pack
[2021-08-17 23:29:08.878] [I] [F:\git\typhoon_zero\tpn\tools\xlsx2data\tpn_xlsx\generator\cpp_generator.cpp:89 tpn::xlsx::CppGenerator::Analyze] cpp generator start analyze worksheet : @Pack
[2021-08-17 23:29:08.878] [I] [F:\git\typhoon_zero\tpn\tools\xlsx2data\tpn_xlsx\generator\cpp_generator.cpp:131 tpn::xlsx::CppGenerator::Analyze] cpp generator start analyze worksheet : @Pack
[2021-08-17 23:29:08.878] [I] [F:\git\typhoon_zero\tpn\tools\xlsx2data\tpn_xlsx\generator\generator_hub.cpp:153 tpn::xlsx::GeneratorHub::Generate] xlsx generator finish generate cpp path: xlsx2data/data/pack.xlsx, sheet: @Pack
[2021-08-17 23:29:08.878] [I] [F:\git\typhoon_zero\tpn\tools\xlsx2data\tpn_xlsx\generator\generator_hub.cpp:156 tpn::xlsx::GeneratorHub::Generate] xlsx generator finish generate path: xlsx2data/data/pack.xlsx
[2021-08-17 23:29:08.878] [I] [F:\git\typhoon_zero\tpn\tools\xlsx2data\tpn_xlsx\generator\generator_hub.cpp:92 tpn::xlsx::GeneratorHub::Generate] xlsx generator start generate path: xlsx2data/data/shop.xlsx
[2021-08-17 23:29:09.002] [I] [F:\git\typhoon_zero\tpn\tools\xlsx2data\tpn_xlsx\generator\generator_hub.cpp:112 tpn::xlsx::GeneratorHub::Generate] xlsx generator start generate anlayst path: xlsx2data/data/shop.xlsx, sheet: @Shop
[2021-08-17 23:29:09.002] [I] [F:\git\typhoon_zero\tpn\tools\xlsx2data\tpn_xlsx\utility\analyst.cpp:551 tpn::xlsx::Analyst::Analyze] analyst start analyze worksheet : @Shop
[2021-08-17 23:29:09.002] [I] [F:\git\typhoon_zero\tpn\tools\xlsx2data\tpn_xlsx\utility\analyst.cpp:568 tpn::xlsx::Analyst::Analyze] analyst finish analyze worksheet : @Shop
[2021-08-17 23:29:09.002] [I] [F:\git\typhoon_zero\tpn\tools\xlsx2data\tpn_xlsx\generator\generator_hub.cpp:120 tpn::xlsx::GeneratorHub::Generate] xlsx generator finish generate anlayst path: xlsx2data/data/shop.xlsx, sheet: @Shop
[2021-08-17 23:29:09.002] [I] [F:\git\typhoon_zero\tpn\tools\xlsx2data\tpn_xlsx\generator\generator_hub.cpp:123 tpn::xlsx::GeneratorHub::Generate] xlsx generator start generate json path: xlsx2data/data/shop.xlsx, sheet: @Shop
[2021-08-17 23:29:09.002] [I] [F:\git\typhoon_zero\tpn\tools\xlsx2data\tpn_xlsx\generator\json_generator.cpp:78 tpn::xlsx::JsonGenerator::Analyze] json generator start analyze worksheet : @Shop
[2021-08-17 23:29:09.002] [I] [F:\git\typhoon_zero\tpn\tools\xlsx2data\tpn_xlsx\generator\json_generator.cpp:142 tpn::xlsx::JsonGenerator::Analyze] json generator finish analyze worksheet : @Shop
[2021-08-17 23:29:09.002] [I] [F:\git\typhoon_zero\tpn\tools\xlsx2data\tpn_xlsx\generator\generator_hub.cpp:131 tpn::xlsx::GeneratorHub::Generate] xlsx generator finish generate json path: xlsx2data/data/shop.xlsx, sheet: @Shop
[2021-08-17 23:29:09.002] [I] [F:\git\typhoon_zero\tpn\tools\xlsx2data\tpn_xlsx\generator\generator_hub.cpp:134 tpn::xlsx::GeneratorHub::Generate] xlsx generator start generate proto path: xlsx2data/data/shop.xlsx, sheet: @Shop
[2021-08-17 23:29:09.002] [I] [F:\git\typhoon_zero\tpn\tools\xlsx2data\tpn_xlsx\generator\proto_generator.cpp:76 tpn::xlsx::ProtoGenerator::Analyze] proto generator start analyze worksheet : @Shop
[2021-08-17 23:29:09.002] [I] [F:\git\typhoon_zero\tpn\tools\xlsx2data\tpn_xlsx\generator\proto_generator.cpp:117 tpn::xlsx::ProtoGenerator::Analyze] proto generator finish analyze worksheet : @Shop
[2021-08-17 23:29:09.002] [I] [F:\git\typhoon_zero\tpn\tools\xlsx2data\tpn_xlsx\generator\generator_hub.cpp:142 tpn::xlsx::GeneratorHub::Generate] xlsx generator finish generate proto path: xlsx2data/data/shop.xlsx, sheet: @Shop
[2021-08-17 23:29:09.002] [I] [F:\git\typhoon_zero\tpn\tools\xlsx2data\tpn_xlsx\generator\generator_hub.cpp:145 tpn::xlsx::GeneratorHub::Generate] xlsx generator start generate cpp path: xlsx2data/data/shop.xlsx, sheet: @Shop
[2021-08-17 23:29:09.002] [I] [F:\git\typhoon_zero\tpn\tools\xlsx2data\tpn_xlsx\generator\cpp_generator.cpp:89 tpn::xlsx::CppGenerator::Analyze] cpp generator start analyze worksheet : @Shop
[2021-08-17 23:29:09.002] [I] [F:\git\typhoon_zero\tpn\tools\xlsx2data\tpn_xlsx\generator\cpp_generator.cpp:131 tpn::xlsx::CppGenerator::Analyze] cpp generator start analyze worksheet : @Shop
[2021-08-17 23:29:09.002] [I] [F:\git\typhoon_zero\tpn\tools\xlsx2data\tpn_xlsx\generator\generator_hub.cpp:153 tpn::xlsx::GeneratorHub::Generate] xlsx generator finish generate cpp path: xlsx2data/data/shop.xlsx, sheet: @Shop
[2021-08-17 23:29:09.002] [I] [F:\git\typhoon_zero\tpn\tools\xlsx2data\tpn_xlsx\generator\generator_hub.cpp:156 tpn::xlsx::GeneratorHub::Generate] xlsx generator finish generate path: xlsx2data/data/shop.xlsx
[2021-08-17 23:29:09.002] [I] [F:\git\typhoon_zero\tpn\tools\xlsx2data\tpn_xlsx\generator\generator_hub.cpp:92 tpn::xlsx::GeneratorHub::Generate] xlsx generator start generate path: xlsx2data/data/skill.xlsx
[2021-08-17 23:29:09.002] [I] [F:\git\typhoon_zero\tpn\tools\xlsx2data\tpn_xlsx\generator\generator_hub.cpp:112 tpn::xlsx::GeneratorHub::Generate] xlsx generator start generate anlayst path: xlsx2data/data/skill.xlsx, sheet: @Skill
[2021-08-17 23:29:09.002] [I] [F:\git\typhoon_zero\tpn\tools\xlsx2data\tpn_xlsx\utility\analyst.cpp:551 tpn::xlsx::Analyst::Analyze] analyst start analyze worksheet : @Skill
[2021-08-17 23:29:09.002] [I] [F:\git\typhoon_zero\tpn\tools\xlsx2data\tpn_xlsx\utility\analyst.cpp:568 tpn::xlsx::Analyst::Analyze] analyst finish analyze worksheet : @Skill
[2021-08-17 23:29:09.002] [I] [F:\git\typhoon_zero\tpn\tools\xlsx2data\tpn_xlsx\generator\generator_hub.cpp:120 tpn::xlsx::GeneratorHub::Generate] xlsx generator finish generate anlayst path: xlsx2data/data/skill.xlsx, sheet: @Skill
[2021-08-17 23:29:09.002] [I] [F:\git\typhoon_zero\tpn\tools\xlsx2data\tpn_xlsx\generator\generator_hub.cpp:123 tpn::xlsx::GeneratorHub::Generate] xlsx generator start generate json path: xlsx2data/data/skill.xlsx, sheet: @Skill
[2021-08-17 23:29:09.002] [I] [F:\git\typhoon_zero\tpn\tools\xlsx2data\tpn_xlsx\generator\json_generator.cpp:78 tpn::xlsx::JsonGenerator::Analyze] json generator start analyze worksheet : @Skill
[2021-08-17 23:29:09.002] [I] [F:\git\typhoon_zero\tpn\tools\xlsx2data\tpn_xlsx\generator\json_generator.cpp:142 tpn::xlsx::JsonGenerator::Analyze] json generator finish analyze worksheet : @Skill
[2021-08-17 23:29:09.002] [I] [F:\git\typhoon_zero\tpn\tools\xlsx2data\tpn_xlsx\generator\generator_hub.cpp:131 tpn::xlsx::GeneratorHub::Generate] xlsx generator finish generate json path: xlsx2data/data/skill.xlsx, sheet: @Skill
[2021-08-17 23:29:09.002] [I] [F:\git\typhoon_zero\tpn\tools\xlsx2data\tpn_xlsx\generator\generator_hub.cpp:134 tpn::xlsx::GeneratorHub::Generate] xlsx generator start generate proto path: xlsx2data/data/skill.xlsx, sheet: @Skill
[2021-08-17 23:29:09.002] [I] [F:\git\typhoon_zero\tpn\tools\xlsx2data\tpn_xlsx\generator\proto_generator.cpp:76 tpn::xlsx::ProtoGenerator::Analyze] proto generator start analyze worksheet : @Skill
[2021-08-17 23:29:09.002] [I] [F:\git\typhoon_zero\tpn\tools\xlsx2data\tpn_xlsx\generator\proto_generator.cpp:117 tpn::xlsx::ProtoGenerator::Analyze] proto generator finish analyze worksheet : @Skill
[2021-08-17 23:29:09.002] [I] [F:\git\typhoon_zero\tpn\tools\xlsx2data\tpn_xlsx\generator\generator_hub.cpp:142 tpn::xlsx::GeneratorHub::Generate] xlsx generator finish generate proto path: xlsx2data/data/skill.xlsx, sheet: @Skill
[2021-08-17 23:29:09.002] [I] [F:\git\typhoon_zero\tpn\tools\xlsx2data\tpn_xlsx\generator\generator_hub.cpp:145 tpn::xlsx::GeneratorHub::Generate] xlsx generator start generate cpp path: xlsx2data/data/skill.xlsx, sheet: @Skill
[2021-08-17 23:29:09.002] [I] [F:\git\typhoon_zero\tpn\tools\xlsx2data\tpn_xlsx\generator\cpp_generator.cpp:89 tpn::xlsx::CppGenerator::Analyze] cpp generator start analyze worksheet : @Skill
[2021-08-17 23:29:09.002] [I] [F:\git\typhoon_zero\tpn\tools\xlsx2data\tpn_xlsx\generator\cpp_generator.cpp:131 tpn::xlsx::CppGenerator::Analyze] cpp generator start analyze worksheet : @Skill
[2021-08-17 23:29:09.002] [I] [F:\git\typhoon_zero\tpn\tools\xlsx2data\tpn_xlsx\generator\generator_hub.cpp:153 tpn::xlsx::GeneratorHub::Generate] xlsx generator finish generate cpp path: xlsx2data/data/skill.xlsx, sheet: @Skill
[2021-08-17 23:29:09.002] [I] [F:\git\typhoon_zero\tpn\tools\xlsx2data\tpn_xlsx\generator\generator_hub.cpp:156 tpn::xlsx::GeneratorHub::Generate] xlsx generator finish generate path: xlsx2data/data/skill.xlsx
[2021-08-17 23:29:09.002] [I] [F:\git\typhoon_zero\tpn\tools\xlsx2data\tpn_xlsx\generator\generator_hub.cpp:159 tpn::xlsx::GeneratorHub::Generate] xlsx generator start generate json file
[2021-08-17 23:29:09.002] [I] [F:\git\typhoon_zero\tpn\tools\xlsx2data\tpn_xlsx\generator\json_generator.cpp:147 tpn::xlsx::JsonGenerator::Generate] json generator start generate json file
[2021-08-17 23:29:09.002] [I] [F:\git\typhoon_zero\tpn\tools\xlsx2data\tpn_xlsx\generator\json_generator.cpp:160 tpn::xlsx::JsonGenerator::Generate] json generator finish generate json file
[2021-08-17 23:29:09.002] [I] [F:\git\typhoon_zero\tpn\tools\xlsx2data\tpn_xlsx\generator\generator_hub.cpp:165 tpn::xlsx::GeneratorHub::Generate] xlsx generator finish generate json file
[2021-08-17 23:29:09.002] [I] [F:\git\typhoon_zero\tpn\tools\xlsx2data\tpn_xlsx\generator\generator_hub.cpp:167 tpn::xlsx::GeneratorHub::Generate] xlsx generator start generate cpp tail
[2021-08-17 23:29:09.002] [I] [F:\git\typhoon_zero\tpn\tools\xlsx2data\tpn_xlsx\generator\generator_hub.cpp:173 tpn::xlsx::GeneratorHub::Generate] xlsx generator finish generate cpp tail
[2021-08-17 23:29:09.002] [I] [F:\git\typhoon_zero\tpn\tools\xlsx2data\tpn_xlsx\generator\generator_hub.cpp:175 tpn::xlsx::GeneratorHub::Generate] xlsx generator start generate protobuf bin
[2021-08-17 23:29:09.002] [I] [F:\git\typhoon_zero\tpn\tools\xlsx2data\tpn_xlsx\generator\generator_hub.cpp:181 tpn::xlsx::GeneratorHub::Generate] xlsx generator finish generate protobuf bin
